Unity/androidBuild/project/launcher/build/intermediates/manifest_merge_blame_file/debug/manifest-merger-blame-debug-report.txt
1<?xml version="1.0" encoding="utf-8"?>
2<manifest xmlns:android="http://schemas.android.com/apk/res/android"
3    package="com.zxw.dabao"
4    android:installLocation="preferExternal"
5    android:versionCode="1"
6    android:versionName="0.1" >
7
8    <uses-sdk
9        android:minSdkVersion="22"
9-->src\main\AndroidManifest.xml
10        android:targetSdkVersion="33" />
10-->src\main\AndroidManifest.xml
11
12    <supports-screens
12-->src\main\AndroidManifest.xml:3:3-163
13        android:anyDensity="true"
13-->src\main\AndroidManifest.xml:3:135-160
14        android:largeScreens="true"
14-->src\main\AndroidManifest.xml:3:78-105
15        android:normalScreens="true"
15-->src\main\AndroidManifest.xml:3:49-77
16        android:smallScreens="true"
16-->src\main\AndroidManifest.xml:3:21-48
17        android:xlargeScreens="true" />
17-->src\main\AndroidManifest.xml:3:106-134
18
19    <uses-feature android:glEsVersion="0x00030000" />
19-->[:unityLibrary] AndroidManifest.xml:12:5-54
19-->[:unityLibrary] AndroidManifest.xml:12:19-51
20    <uses-feature
20-->[:unityLibrary] AndroidManifest.xml:13:5-15:36
21        android:name="android.hardware.vulkan.version"
21-->[:unityLibrary] AndroidManifest.xml:14:9-55
22        android:required="false" />
22-->[:unityLibrary] AndroidManifest.xml:15:9-33
23    <uses-feature
23-->[:unityLibrary] AndroidManifest.xml:16:5-18:36
24        android:name="android.hardware.touchscreen"
24-->[:unityLibrary] AndroidManifest.xml:17:9-52
25        android:required="false" />
25-->[:unityLibrary] AndroidManifest.xml:18:9-33
26    <uses-feature
26-->[:unityLibrary] AndroidManifest.xml:19:5-21:36
27        android:name="android.hardware.touchscreen.multitouch"
27-->[:unityLibrary] AndroidManifest.xml:20:9-63
28        android:required="false" />
28-->[:unityLibrary] AndroidManifest.xml:21:9-33
29    <uses-feature
29-->[:unityLibrary] AndroidManifest.xml:22:5-24:36
30        android:name="android.hardware.touchscreen.multitouch.distinct"
30-->[:unityLibrary] AndroidManifest.xml:23:9-72
31        android:required="false" />
31-->[:unityLibrary] AndroidManifest.xml:24:9-33
32
33    <application
33-->src\main\AndroidManifest.xml:4:3-83
34        android:debuggable="true"
35        android:extractNativeLibs="true"
35-->[:unityLibrary] AndroidManifest.xml:26:18-50
36        android:icon="@mipmap/app_icon"
36-->src\main\AndroidManifest.xml:4:49-80
37        android:label="@string/app_name"
37-->src\main\AndroidManifest.xml:4:16-48
38        android:testOnly="true" >
39        <activity
39-->[:unityLibrary] AndroidManifest.xml:27:9-47:20
40            android:name="com.unity3d.player.UnityPlayerActivity"
40-->[:unityLibrary] AndroidManifest.xml:28:13-66
41            android:configChanges="mcc|mnc|locale|touchscreen|keyboard|keyboardHidden|navigation|orientation|screenLayout|uiMode|screenSize|smallestScreenSize|fontScale|layoutDirection|density"
41-->[:unityLibrary] AndroidManifest.xml:29:13-194
42            android:exported="true"
42-->[:unityLibrary] AndroidManifest.xml:30:13-36
43            android:hardwareAccelerated="false"
43-->[:unityLibrary] AndroidManifest.xml:31:13-48
44            android:launchMode="singleTask"
44-->[:unityLibrary] AndroidManifest.xml:32:13-44
45            android:resizeableActivity="false"
45-->[:unityLibrary] AndroidManifest.xml:33:13-47
46            android:screenOrientation="userLandscape"
46-->[:unityLibrary] AndroidManifest.xml:34:13-54
47            android:theme="@style/UnityThemeSelector" >
47-->[:unityLibrary] AndroidManifest.xml:35:13-54
48
49            <!-- <intent-filter> -->
50            <!-- <action android:name="android.intent.action.MAIN" /> -->
51            <!-- <category android:name="android.intent.category.LAUNCHER" /> -->
52            <!-- </intent-filter> -->
53            <meta-data
53-->[:unityLibrary] AndroidManifest.xml:41:13-43:40
54                android:name="unityplayer.UnityActivity"
54-->[:unityLibrary] AndroidManifest.xml:42:17-57
55                android:value="true" />
55-->[:unityLibrary] AndroidManifest.xml:43:17-37
56            <meta-data
56-->[:unityLibrary] AndroidManifest.xml:44:13-46:40
57                android:name="android.notch_support"
57-->[:unityLibrary] AndroidManifest.xml:45:17-53
58                android:value="true" />
58-->[:unityLibrary] AndroidManifest.xml:46:17-37
59        </activity>
60        <activity
60-->[:unityLibrary] AndroidManifest.xml:48:9-62:20
61            android:name="com.unity3d.player.StartLauncher"
61-->[:unityLibrary] AndroidManifest.xml:49:13-60
62            android:configChanges="mcc|mnc|locale|touchscreen|keyboard|keyboardHidden|navigation|orientation|screenLayout|uiMode|screenSize|smallestScreenSize|fontScale|layoutDirection|density"
62-->[:unityLibrary] AndroidManifest.xml:50:13-194
63            android:exported="true"
63-->[:unityLibrary] AndroidManifest.xml:51:13-36
64            android:hardwareAccelerated="false"
64-->[:unityLibrary] AndroidManifest.xml:52:13-48
65            android:launchMode="singleTask"
65-->[:unityLibrary] AndroidManifest.xml:53:13-44
66            android:resizeableActivity="false"
66-->[:unityLibrary] AndroidManifest.xml:54:13-47
67            android:screenOrientation="userLandscape"
67-->[:unityLibrary] AndroidManifest.xml:55:13-54
68            android:theme="@style/UnityThemeSelector" >
68-->[:unityLibrary] AndroidManifest.xml:56:13-54
69            <intent-filter>
69-->[:unityLibrary] AndroidManifest.xml:57:13-61:29
70                <action android:name="android.intent.action.MAIN" />
70-->[:unityLibrary] AndroidManifest.xml:58:17-69
70-->[:unityLibrary] AndroidManifest.xml:58:25-66
71
72                <category android:name="android.intent.category.LAUNCHER" />
72-->[:unityLibrary] AndroidManifest.xml:60:17-77
72-->[:unityLibrary] AndroidManifest.xml:60:27-74
73            </intent-filter>
74        </activity>
75
76        <meta-data
76-->[:unityLibrary] AndroidManifest.xml:64:9-66:33
77            android:name="unity.splash-mode"
77-->[:unityLibrary] AndroidManifest.xml:65:13-45
78            android:value="0" />
78-->[:unityLibrary] AndroidManifest.xml:66:13-30
79        <meta-data
79-->[:unityLibrary] AndroidManifest.xml:67:9-69:36
80            android:name="unity.splash-enable"
80-->[:unityLibrary] AndroidManifest.xml:68:13-47
81            android:value="True" />
81-->[:unityLibrary] AndroidManifest.xml:69:13-33
82        <meta-data
82-->[:unityLibrary] AndroidManifest.xml:70:9-72:36
83            android:name="unity.launch-fullscreen"
83-->[:unityLibrary] AndroidManifest.xml:71:13-51
84            android:value="True" />
84-->[:unityLibrary] AndroidManifest.xml:72:13-33
85        <meta-data
85-->[:unityLibrary] AndroidManifest.xml:73:9-75:37
86            android:name="unity.allow-resizable-window"
86-->[:unityLibrary] AndroidManifest.xml:74:13-56
87            android:value="False" />
87-->[:unityLibrary] AndroidManifest.xml:75:13-34
88        <meta-data
88-->[:unityLibrary] AndroidManifest.xml:76:9-78:50
89            android:name="notch.config"
89-->[:unityLibrary] AndroidManifest.xml:77:13-40
90            android:value="portrait|landscape" />
90-->[:unityLibrary] AndroidManifest.xml:78:13-47
91    </application>
92
93</manifest>